# JRE version: OpenJDK Runtime Environment (7.0_95) (build 1.7.0_95-b00)
# Java VM: OpenJDK 64-Bit Server VM (24.95-b01 mixed mode linux-amd64 compressed oops)
Heap
 def new generation   total 9664K, used 1255K [0x00000000cc000000, 0x00000000cca70000, 0x00000000d1330000)
  eden space 8640K,  12% used [0x00000000cc000000, 0x00000000cc110168, 0x00000000cc870000)
  from space 1024K,  16% used [0x00000000cc870000, 0x00000000cc899e28, 0x00000000cc970000)
  to   space 1024K,   0% used [0x00000000cc970000, 0x00000000cc970000, 0x00000000cca70000)
 concurrent mark-sweep generation total 21376K, used 7462K [0x00000000d1330000, 0x00000000d2810000, 0x00000000f5a00000)
 concurrent-mark-sweep perm gen total 30080K, used 29984K [0x00000000f5a00000, 0x00000000f7760000, 0x0000000100000000)
GC Heap History (10 events):
Event: 26253.602 GC heap before
{Heap before GC invocations=57 (full 0):
 def new generation   total 9664K, used 8823K [0x00000000cc000000, 0x00000000cca70000, 0x00000000d1330000)
  eden space 8640K,  99% used [0x00000000cc000000, 0x00000000cc86c168, 0x00000000cc870000)
  from space 1024K,  19% used [0x00000000cc970000, 0x00000000cc9a1de8, 0x00000000cca70000)
  to   space 1024K,   0% used [0x00000000cc870000, 0x00000000cc870000, 0x00000000cc970000)
 concurrent mark-sweep generation total 21376K, used 10597K [0x00000000d1330000, 0x00000000d2810000, 0x00000000f5a00000)
 concurrent-mark-sweep perm gen total 30080K, used 29956K [0x00000000f5a00000, 0x00000000f7760000, 0x0000000100000000)
Event: 26253.604 GC heap after
Heap after GC invocations=58 (full 0):
 def new generation   total 9664K, used 191K [0x00000000cc000000, 0x00000000cca70000, 0x00000000d1330000)
  eden space 8640K,   0% used [0x00000000cc000000, 0x00000000cc000000, 0x00000000cc870000)
  from space 1024K,  18% used [0x00000000cc870000, 0x00000000cc89fc40, 0x00000000cc970000)
  to   space 1024K,   0% used [0x00000000cc970000, 0x00000000cc970000, 0x00000000cca70000)
 concurrent mark-sweep generation total 21376K, used 10627K [0x00000000d1330000, 0x00000000d2810000, 0x00000000f5a00000)
 concurrent-mark-sweep perm gen total 30080K, used 29956K [0x00000000f5a00000, 0x00000000f7760000, 0x0000000100000000)
}
Event: 26253.803 GC heap before
{Heap before GC invocations=58 (full 0):
 def new generation   total 9664K, used 8831K [0x00000000cc000000, 0x00000000cca70000, 0x00000000d1330000)
  eden space 8640K, 100% used [0x00000000cc000000, 0x00000000cc870000, 0x00000000cc870000)
  from space 1024K,  18% used [0x00000000cc870000, 0x00000000cc89fc40, 0x00000000cc970000)
  to   space 1024K,   0% used [0x00000000cc970000, 0x00000000cc970000, 0x00000000cca70000)
 concurrent mark-sweep generation total 21376K, used 10627K [0x00000000d1330000, 0x00000000d2810000, 0x00000000f5a00000)
 concurrent-mark-sweep perm gen total 30080K, used 29966K [0x00000000f5a00000, 0x00000000f7760000, 0x0000000100000000)
Event: 26253.805 GC heap after
Heap after GC invocations=59 (full 0):
 def new generation   total 9664K, used 184K [0x00000000cc000000, 0x00000000cca70000, 0x00000000d1330000)
  eden space 8640K,   0% used [0x00000000cc000000, 0x00000000cc000000, 0x00000000cc870000)
  from space 1024K,  18% used [0x00000000cc970000, 0x00000000cc99e180, 0x00000000cca70000)
  to   space 1024K,   0% used [0x00000000cc870000, 0x00000000cc870000, 0x00000000cc970000)
 concurrent mark-sweep generation total 21376K, used 10656K [0x00000000d1330000, 0x00000000d2810000, 0x00000000f5a00000)
 concurrent-mark-sweep perm gen total 30080K, used 29966K [0x00000000f5a00000, 0x00000000f7760000, 0x0000000100000000)
}
Event: 26254.003 GC heap before
{Heap before GC invocations=59 (full 0):
 def new generation   total 9664K, used 8824K [0x00000000cc000000, 0x00000000cca70000, 0x00000000d1330000)
  eden space 8640K, 100% used [0x00000000cc000000, 0x00000000cc870000, 0x00000000cc870000)
  from space 1024K,  18% used [0x00000000cc970000, 0x00000000cc99e180, 0x00000000cca70000)
  to   space 1024K,   0% used [0x00000000cc870000, 0x00000000cc870000, 0x00000000cc970000)
 concurrent mark-sweep generation total 21376K, used 10656K [0x00000000d1330000, 0x00000000d2810000, 0x00000000f5a00000)
 concurrent-mark-sweep perm gen total 30080K, used 29972K [0x00000000f5a00000, 0x00000000f7760000, 0x0000000100000000)
Event: 26254.006 GC heap after
Heap after GC invocations=60 (full 0):
 def new generation   total 9664K, used 163K [0x00000000cc000000, 0x00000000cca70000, 0x00000000d1330000)
  eden space 8640K,   0% used [0x00000000cc000000, 0x00000000cc000000, 0x00000000cc870000)
  from space 1024K,  15% used [0x00000000cc870000, 0x00000000cc898d00, 0x00000000cc970000)
  to   space 1024K,   0% used [0x00000000cc970000, 0x00000000cc970000, 0x00000000cca70000)
 concurrent mark-sweep generation total 21376K, used 10699K [0x00000000d1330000, 0x00000000d2810000, 0x00000000f5a00000)
 concurrent-mark-sweep perm gen total 30080K, used 29972K [0x00000000f5a00000, 0x00000000f7760000, 0x0000000100000000)
}
Event: 26254.241 GC heap before
{Heap before GC invocations=60 (full 1):
 def new generation   total 9664K, used 8803K [0x00000000cc000000, 0x00000000cca70000, 0x00000000d1330000)
  eden space 8640K, 100% used [0x00000000cc000000, 0x00000000cc870000, 0x00000000cc870000)
  from space 1024K,  15% used [0x00000000cc870000, 0x00000000cc898d00, 0x00000000cc970000)
  to   space 1024K,   0% used [0x00000000cc970000, 0x00000000cc970000, 0x00000000cca70000)
 concurrent mark-sweep generation total 21376K, used 10699K [0x00000000d1330000, 0x00000000d2810000, 0x00000000f5a00000)
 concurrent-mark-sweep perm gen total 30080K, used 29980K [0x00000000f5a00000, 0x00000000f7760000, 0x0000000100000000)
Event: 26254.243 GC heap after
Heap after GC invocations=61 (full 1):
 def new generation   total 9664K, used 156K [0x00000000cc000000, 0x00000000cca70000, 0x00000000d1330000)
  eden space 8640K,   0% used [0x00000000cc000000, 0x00000000cc000000, 0x00000000cc870000)
  from space 1024K,  15% used [0x00000000cc970000, 0x00000000cc997160, 0x00000000cca70000)
  to   space 1024K,   0% used [0x00000000cc870000, 0x00000000cc870000, 0x00000000cc970000)
 concurrent mark-sweep generation total 21376K, used 10727K [0x00000000d1330000, 0x00000000d2810000, 0x00000000f5a00000)
 concurrent-mark-sweep perm gen total 30080K, used 29980K [0x00000000f5a00000, 0x00000000f7760000, 0x0000000100000000)
}
Event: 26254.480 GC heap before
{Heap before GC invocations=61 (full 1):
 def new generation   total 9664K, used 8793K [0x00000000cc000000, 0x00000000cca70000, 0x00000000d1330000)
  eden space 8640K,  99% used [0x00000000cc000000, 0x00000000cc86f3c8, 0x00000000cc870000)
  from space 1024K,  15% used [0x00000000cc970000, 0x00000000cc997160, 0x00000000cca70000)
  to   space 1024K,   0% used [0x00000000cc870000, 0x00000000cc870000, 0x00000000cc970000)
 concurrent mark-sweep generation total 21376K, used 7824K [0x00000000d1330000, 0x00000000d2810000, 0x00000000f5a00000)
 concurrent-mark-sweep perm gen total 30080K, used 29984K [0x00000000f5a00000, 0x00000000f7760000, 0x0000000100000000)
Event: 26254.484 GC heap after
Heap after GC invocations=62 (full 1):
 def new generation   total 9664K, used 167K [0x00000000cc000000, 0x00000000cca70000, 0x00000000d1330000)
  eden space 8640K,   0% used [0x00000000cc000000, 0x00000000cc000000, 0x00000000cc870000)
  from space 1024K,  16% used [0x00000000cc870000, 0x00000000cc899e28, 0x00000000cc970000)
  to   space 1024K,   0% used [0x00000000cc970000, 0x00000000cc970000, 0x00000000cca70000)
 concurrent mark-sweep generation total 21376K, used 7847K [0x00000000d1330000, 0x00000000d2810000, 0x00000000f5a00000)
 concurrent-mark-sweep perm gen total 30080K, used 29984K [0x00000000f5a00000, 0x00000000f7760000, 0x0000000100000000)
}

